<?xml version="1.0" encoding="UTF-8"?>
<!-- Generated by org.testng.reporters.JUnitXMLReporter -->
<testsuite ignored="0" hostname="vladimir-home" failures="0" tests="3" name="Surefire test" time="1157.318" errors="0" timestamp="2025-12-17T10:36:39 MSK">
  <testcase classname="mobile.tests.WikipediaMobileTests" name="openArticleAndScroll_shouldKeepContentVisible" time="211.667"/>
  <testcase classname="mobile.tests.WikipediaMobileTests" name="searchAppiumArticle_shouldOpenCorrectPage" time="597.324"/>
  <testcase classname="mobile.tests.WikipediaMobileTests" name="searchSeleniumArticle_shouldHaveExactTitle" time="322.704"/>
</testsuite> <!-- Surefire test -->
