<?xml version="1.0" encoding="UTF-8"?>
<testsuite xmlns:xsi="http://www.w3.org/2001/XMLSchema-instance" xsi:noNamespaceSchemaLocation="https://maven.apache.org/surefire/maven-surefire-plugin/xsd/surefire-test-report-3.0.xsd" version="3.0" name="mobile.tests.WikipediaMobileTests" time="1157.533" tests="3" errors="0" skipped="0" failures="0">
  <properties>
[...]
</properties>
  <testcase name="openArticleAndScroll_shouldKeepContentVisible" classname="mobile.tests.WikipediaMobileTests" time="211.666">
    <system-out><![CDATA[Найден APK файл: /home/vladimir/Учеba/auto_tests/wikipedia.apk
Используется APK файл для установки приложения: /home/vladimir/Учеba/auto_tests/wikipedia.apk
Будет запущена активность: org.wikipedia/org.wikipedia.main.MainActivity
Подключение к Appium серверу: http://127.0.0.1:4723
Успешно подключено к устройству Android
]]></system-out>
    <system-err><![CDATA[SLF4J: Failed to load class "org.slf4j.impl.StaticLoggerBinder".
SLF4J: Defaulting to no-operation (NOP) logger implementation
SLF4J: See http://www.slf4j.org/codes.html#StaticLoggerBinder for further details.
дек. 17, 2025 10:17:24 AM io.appium.java_client.remote.AppiumCommandExecutor$1 lambda$0
INFO: Detected dialect: W3C
]]></system-err>
  </testcase>
  <testcase name="searchAppiumArticle_shouldOpenCorrectPage" classname="mobile.tests.WikipediaMobileTests" time="597.325"/>
  <testcase name="searchSeleniumArticle_shouldHaveExactTitle" classname="mobile.tests.WikipediaMobileTests" time="322.704"/>
</testsuite>